<?xml version="1.0" encoding="UTF-8"?>
<!-- Generated by org.testng.reporters.JUnitXMLReporter -->
<testsuite hostname="Rohit-MacBook-Pro.local" name="Default test" tests="4" failures="1" timestamp="18 Aug 2016 04:39:31 GMT" time="194.284" errors="0">
  <testcase name="highAccuracy" time="10.02" classname="com.driveu.partnerapp.PartnerApp"/>
  <testcase name="deviceOnly" time="10.014" classname="com.driveu.partnerapp.PartnerApp"/>
  <testcase name="batterySaving" time="82.133" classname="com.driveu.partnerapp.PartnerApp"/>
  <testcase name="reboot" time="75.927" classname="com.driveu.partnerapp.PartnerApp">
    <failure type="org.openqa.selenium.WebDriverException" message="ERROR running Appium command: Cannot read property &amp;apos;startApp&amp;apos; of null
Command duration or timeout: 11 milliseconds
Build info: version: &amp;apos;2.53.0&amp;apos;, revision: &amp;apos;35ae25b1534ae328c771e0856c93e187490ca824&amp;apos;, time: &amp;apos;2016-03-15 10:43:46&amp;apos;
System info: host: &amp;apos;Rohit-MacBook-Pro.local&amp;apos;, ip: &amp;apos;192.168.0.51&amp;apos;, os.name: &amp;apos;Mac OS X&amp;apos;, os.arch: &amp;apos;x86_64&amp;apos;, os.version: &amp;apos;10.11.6&amp;apos;, java.version: &amp;apos;1.7.0_80&amp;apos;
Session ID: ff38d53d-4402-499e-a4c4-b8db5588172d
Driver info: io.appium.java_client.android.AndroidDriver
Capabilities [{automationName=Appium, platform=LINUX, app=/Users/rohit/Desktop/driver.apk, javascriptEnabled=true, app_activity=com.driveu.partner.MainActivity, app_package=com.driveu.partner, browserName=Android, networkConnectionEnabled=true, desired={newCommandTimeout=1200, automationName=Appium, app=/Users/rohit/Desktop/driver.apk, platformVersion=6.0.1, app_activity=com.driveu.partner.MainActivity, app_package=com.driveu.partner, platformName=Android, deviceName=Android Device}, locationContextEnabled=false, newCommandTimeout=1200, platformVersion=4.4.4, databaseEnabled=false, platformName=Android, deviceName=9c3456e2, webStorageEnabled=false, warnings={}, takesScreenshot=true}]">
      <![CDATA[org.openqa.selenium.WebDriverException: ERROR running Appium command: Cannot read property 'startApp' of null
Command duration or timeout: 11 milliseconds
Build info: version: '2.53.0', revision: '35ae25b1534ae328c771e0856c93e187490ca824', time: '2016-03-15 10:43:46'
System info: host: 'Rohit-MacBook-Pro.local', ip: '192.168.0.51', os.name: 'Mac OS X', os.arch: 'x86_64', os.version: '10.11.6', java.version: '1.7.0_80'
Session ID: ff38d53d-4402-499e-a4c4-b8db5588172d
Driver info: io.appium.java_client.android.AndroidDriver
Capabilities [{automationName=Appium, platform=LINUX, app=/Users/rohit/Desktop/driver.apk, javascriptEnabled=true, app_activity=com.driveu.partner.MainActivity, app_package=com.driveu.partner, browserName=Android, networkConnectionEnabled=true, desired={newCommandTimeout=1200, automationName=Appium, app=/Users/rohit/Desktop/driver.apk, platformVersion=6.0.1, app_activity=com.driveu.partner.MainActivity, app_package=com.driveu.partner, platformName=Android, deviceName=Android Device}, locationContextEnabled=false, newCommandTimeout=1200, platformVersion=4.4.4, databaseEnabled=false, platformName=Android, deviceName=9c3456e2, webStorageEnabled=false, warnings={}, takesScreenshot=true}]
	at sun.reflect.NativeConstructorAccessorImpl.newInstance0(Native Method)
	at sun.reflect.NativeConstructorAccessorImpl.newInstance(NativeConstructorAccessorImpl.java:57)
	at sun.reflect.DelegatingConstructorAccessorImpl.newInstance(DelegatingConstructorAccessorImpl.java:45)
	at java.lang.reflect.Constructor.newInstance(Constructor.java:526)
	at org.openqa.selenium.remote.ErrorHandler.createThrowable(ErrorHandler.java:206)
	at org.openqa.selenium.remote.ErrorHandler.throwIfResponseFailed(ErrorHandler.java:158)
	at org.openqa.selenium.remote.RemoteWebDriver.execute(RemoteWebDriver.java:678)
	at io.appium.java_client.DefaultGenericMobileDriver.execute(DefaultGenericMobileDriver.java:51)
	at io.appium.java_client.AppiumDriver.execute(AppiumDriver.java:1)
	at io.appium.java_client.android.AndroidDriver.execute(AndroidDriver.java:1)
	at io.appium.java_client.android.AndroidDriver.startActivity(AndroidDriver.java:366)
	at io.appium.java_client.android.AndroidDriver.startActivity(AndroidDriver.java:389)
	at com.driveu.partnerapp.PartnerApp.reboot(PartnerApp.java:62)
	at sun.reflect.NativeMethodAccessorImpl.invoke0(Native Method)
	at sun.reflect.NativeMethodAccessorImpl.invoke(NativeMethodAccessorImpl.java:57)
	at sun.reflect.DelegatingMethodAccessorImpl.invoke(DelegatingMethodAccessorImpl.java:43)
	at java.lang.reflect.Method.invoke(Method.java:606)
	at org.testng.internal.MethodInvocationHelper.invokeMethod(MethodInvocationHelper.java:100)
	at org.testng.internal.Invoker.invokeMethod(Invoker.java:646)
	at org.testng.internal.Invoker.invokeTestMethod(Invoker.java:811)
	at org.testng.internal.Invoker.invokeTestMethods(Invoker.java:1129)
	at org.testng.internal.TestMethodWorker.invokeTestMethods(TestMethodWorker.java:129)
	at org.testng.internal.TestMethodWorker.run(TestMethodWorker.java:112)
	at org.testng.TestRunner.privateRun(TestRunner.java:746)
	at org.testng.TestRunner.run(TestRunner.java:600)
	at org.testng.SuiteRunner.runTest(SuiteRunner.java:366)
	at org.testng.SuiteRunner.runSequentially(SuiteRunner.java:361)
	at org.testng.SuiteRunner.privateRun(SuiteRunner.java:319)
	at org.testng.SuiteRunner.run(SuiteRunner.java:268)
	at org.testng.SuiteRunnerWorker.runSuite(SuiteRunnerWorker.java:52)
	at org.testng.SuiteRunnerWorker.run(SuiteRunnerWorker.java:86)
	at org.testng.TestNG.runSuitesSequentially(TestNG.java:1264)
	at org.testng.TestNG.runSuitesLocally(TestNG.java:1189)
	at org.testng.TestNG.runSuites(TestNG.java:1104)
	at org.testng.TestNG.run(TestNG.java:1076)
	at org.testng.remote.AbstractRemoteTestNG.run(AbstractRemoteTestNG.java:126)
	at org.testng.remote.RemoteTestNG.initAndRun(RemoteTestNG.java:152)
	at org.testng.remote.RemoteTestNG.main(RemoteTestNG.java:57)
]]>
    </failure>
  </testcase> <!-- reboot -->
</testsuite> <!-- Default test -->
