<?xml version="1.0" encoding="UTF-8"?>
<testng-results skipped="0" failed="0" total="2" passed="2">
  <reporter-output>
  </reporter-output>
  <suite name="Default suite" duration-ms="1059499" started-at="2016-08-19T07:57:52Z" finished-at="2016-08-19T08:15:31Z">
    <groups>
    </groups>
    <test name="Default test" duration-ms="1059499" started-at="2016-08-19T07:57:52Z" finished-at="2016-08-19T08:15:31Z">
      <class name="com.driveu.partnerapp.PartnerAppAutomation">
        <test-method status="PASS" signature="capCheck()[pri:0, instance:com.driveu.partnerapp.PartnerAppAutomation@3bfdc050]" name="capCheck" is-config="true" duration-ms="18351" started-at="2016-08-19T13:27:52Z" finished-at="2016-08-19T13:28:10Z">
          <reporter-output>
          </reporter-output>
        </test-method> <!-- capCheck -->
        <test-method status="PASS" signature="collectedFaretest()[pri:0, instance:com.driveu.partnerapp.PartnerAppAutomation@3bfdc050]" name="collectedFaretest" duration-ms="485650" started-at="2016-08-19T13:28:10Z" finished-at="2016-08-19T13:36:16Z">
          <reporter-output>
          </reporter-output>
        </test-method> <!-- collectedFaretest -->
        <test-method status="PASS" signature="capCheck()[pri:0, instance:com.driveu.partnerapp.PartnerAppAutomation@3bfdc050]" name="capCheck" is-config="true" duration-ms="25" started-at="2016-08-19T13:36:16Z" finished-at="2016-08-19T13:36:16Z">
          <reporter-output>
          </reporter-output>
        </test-method> <!-- capCheck -->
        <test-method status="PASS" signature="payonlinetest()[pri:0, instance:com.driveu.partnerapp.PartnerAppAutomation@3bfdc050]" name="payonlinetest" duration-ms="555450" started-at="2016-08-19T13:36:16Z" finished-at="2016-08-19T13:45:31Z">
          <reporter-output>
          </reporter-output>
        </test-method> <!-- payonlinetest -->
      </class> <!-- com.driveu.partnerapp.PartnerAppAutomation -->
    </test> <!-- Default test -->
  </suite> <!-- Default suite -->
</testng-results>
